0 info it worked if it ends with ok
1 verbose cli [ '/usr/local/bin/node', '/usr/local/bin/npm', 'start' ]
2 info using npm@3.10.3
3 info using node@v6.3.1
4 verbose run-script [ 'prestart', 'start', 'poststart' ]
5 info lifecycle ui@1.0.0~prestart: ui@1.0.0
6 silly lifecycle ui@1.0.0~prestart: no script for prestart, continuing
7 info lifecycle ui@1.0.0~start: ui@1.0.0
8 verbose lifecycle ui@1.0.0~start: unsafe-perm in lifecycle true
9 verbose lifecycle ui@1.0.0~start: PATH: /usr/local/lib/node_modules/npm/bin/node-gyp-bin:/www/ui/node_modules/.bin:/usr/local/bin:/usr/local/sbin:/usr/local/bin:/usr/sbin:/usr/bin:/sbin:/bin
10 verbose lifecycle ui@1.0.0~start: CWD: /www/ui
11 silly lifecycle ui@1.0.0~start: Args: [ '-c', 'webpack -d --watch' ]
12 silly lifecycle ui@1.0.0~start: Returned: code: 137  signal: null
13 info lifecycle ui@1.0.0~start: Failed to exec start script
14 verbose stack Error: ui@1.0.0 start: `webpack -d --watch`
14 verbose stack Exit status 137
14 verbose stack     at EventEmitter.<anonymous> (/usr/local/lib/node_modules/npm/lib/utils/lifecycle.js:242:16)
14 verbose stack     at emitTwo (events.js:106:13)
14 verbose stack     at EventEmitter.emit (events.js:191:7)
14 verbose stack     at ChildProcess.<anonymous> (/usr/local/lib/node_modules/npm/lib/utils/spawn.js:40:14)
14 verbose stack     at emitTwo (events.js:106:13)
14 verbose stack     at ChildProcess.emit (events.js:191:7)
14 verbose stack     at maybeClose (internal/child_process.js:852:16)
14 verbose stack     at Process.ChildProcess._handle.onexit (internal/child_process.js:215:5)
15 verbose pkgid ui@1.0.0
16 verbose cwd /www/ui
17 error Linux 3.13.0-85-generic
18 error argv "/usr/local/bin/node" "/usr/local/bin/npm" "start"
19 error node v6.3.1
20 error npm  v3.10.3
21 error code ELIFECYCLE
22 error ui@1.0.0 start: `webpack -d --watch`
22 error Exit status 137
23 error Failed at the ui@1.0.0 start script 'webpack -d --watch'.
23 error Make sure you have the latest version of node.js and npm installed.
23 error If you do, this is most likely a problem with the ui package,
23 error not with npm itself.
23 error Tell the author that this fails on your system:
23 error     webpack -d --watch
23 error You can get information on how to open an issue for this project with:
23 error     npm bugs ui
23 error Or if that isn't available, you can get their info via:
23 error     npm owner ls ui
23 error There is likely additional logging output above.
24 verbose exit [ 1, true ]
